-------------------------------------------------------------------------------
Test set: com.webauto.test.GoogleSearchTest
-------------------------------------------------------------------------------
Tests run: 1, Failures: 1, Errors: 0, Skipped: 0, Time elapsed: 16.737 sec <<< FAILURE!
testGoogleSearch(com.webauto.test.GoogleSearchTest)  Time elapsed: 9.687 sec  <<< FAILURE!
java.lang.AssertionError: expected [true] but found [false]
	at org.testng.Assert.fail(Assert.java:99)
	at org.testng.Assert.failNotEquals(Assert.java:1037)
	at org.testng.Assert.assertTrue(Assert.java:45)
	at org.testng.Assert.assertTrue(Assert.java:55)
	at com.webauto.test.GoogleSearchTest.testGoogleSearch(GoogleSearchTest.java:44)

